[initial] Running shell script
+ alias 'gradle=sudo docker run --rm -v $(pwd):$(pwd) -w $(pwd) docker2_gradle gradle'
++ pwd
++ pwd
++ pwd
+ sudo docker run --rm -v /home/student/slave/workspace/spring-boot/initial:/home/student/slave/workspace/spring-boot/initial -w /home/student/slave/workspace/spring-boot/initial docker2_gradle gradle build
Starting a Gradle Daemon (subsequent builds will be faster)
Download https://repo1.maven.org/maven2/org/springframework/boot/spring-boot-gradle-plugin/1.5.3.RELEASE/spring-boot-gradle-plugin-1.5.3.RELEASE.pom
Download https://repo1.maven.org/maven2/org/springframework/boot/spring-boot-tools/1.5.3.RELEASE/spring-boot-tools-1.5.3.RELEASE.pom
Download https://repo1.maven.org/maven2/org/springframework/boot/spring-boot-parent/1.5.3.RELEASE/spring-boot-parent-1.5.3.RELEASE.pom
Download https://repo1.maven.org/maven2/org/springframework/boot/spring-boot-dependencies/1.5.3.RELEASE/spring-boot-dependencies-1.5.3.RELEASE.pom
Download https://repo1.maven.org/maven2/com/fasterxml/jackson/jackson-bom/2.8.8/jackson-bom-2.8.8.pom
Download https://repo1.maven.org/maven2/com/fasterxml/jackson/jackson-parent/2.8/jackson-parent-2.8.pom
Download https://repo1.maven.org/maven2/com/fasterxml/oss-parent/27/oss-parent-27.pom
Download https://repo1.maven.org/maven2/org/apache/logging/log4j/log4j-bom/2.7/log4j-bom-2.7.pom
Download https://repo1.maven.org/maven2/org/apache/apache/9/apache-9.pom
Download https://repo1.maven.org/maven2/org/springframework/spring-framework-bom/4.3.8.RELEASE/spring-framework-bom-4.3.8.RELEASE.pom
Download https://repo1.maven.org/maven2/org/springframework/data/spring-data-releasetrain/Ingalls-SR3/spring-data-releasetrain-Ingalls-SR3.pom
Download https://repo1.maven.org/maven2/org/springframework/data/build/spring-data-build/1.9.3.RELEASE/spring-data-build-1.9.3.RELEASE.pom
Download https://repo1.maven.org/maven2/org/springframework/integration/spring-integration-bom/4.3.9.RELEASE/spring-integration-bom-4.3.9.RELEASE.pom
Download https://repo1.maven.org/maven2/org/springframework/security/spring-security-bom/4.2.2.RELEASE/spring-security-bom-4.2.2.RELEASE.pom
Download https://repo1.maven.org/maven2/org/springframework/boot/spring-boot-loader-tools/1.5.3.RELEASE/spring-boot-loader-tools-1.5.3.RELEASE.pom
Download https://repo1.maven.org/maven2/io/spring/gradle/dependency-management-plugin/1.0.2.RELEASE/dependency-management-plugin-1.0.2.RELEASE.pom
Download https://repo1.maven.org/maven2/org/springframework/spring-core/4.3.8.RELEASE/spring-core-4.3.8.RELEASE.pom
Download https://repo1.maven.org/maven2/commons-logging/commons-logging/1.2/commons-logging-1.2.pom
Download https://repo1.maven.org/maven2/org/apache/commons/commons-parent/34/commons-parent-34.pom
Download https://repo1.maven.org/maven2/org/apache/apache/13/apache-13.pom
Download https://repo1.maven.org/maven2/org/springframework/boot/spring-boot-gradle-plugin/1.5.3.RELEASE/spring-boot-gradle-plugin-1.5.3.RELEASE.jar
Download https://repo1.maven.org/maven2/org/springframework/boot/spring-boot-loader-tools/1.5.3.RELEASE/spring-boot-loader-tools-1.5.3.RELEASE.jar
Download https://repo1.maven.org/maven2/io/spring/gradle/dependency-management-plugin/1.0.2.RELEASE/dependency-management-plugin-1.0.2.RELEASE.jar
Download https://repo1.maven.org/maven2/org/springframework/spring-core/4.3.8.RELEASE/spring-core-4.3.8.RELEASE.jar
Download https://repo1.maven.org/maven2/commons-logging/commons-logging/1.2/commons-logging-1.2.jar
:compileJava
Download https://repo1.maven.org/maven2/org/springframework/boot/spring-boot-starter-parent/1.5.3.RELEASE/spring-boot-starter-parent-1.5.3.RELEASE.pom
Download https://repo1.maven.org/maven2/org/springframework/boot/spring-boot-starter-web/1.5.3.RELEASE/spring-boot-starter-web-1.5.3.RELEASE.pom
Download https://repo1.maven.org/maven2/org/springframework/boot/spring-boot-starters/1.5.3.RELEASE/spring-boot-starters-1.5.3.RELEASE.pom
Download https://repo1.maven.org/maven2/org/springframework/boot/spring-boot-starter-jetty/1.5.3.RELEASE/spring-boot-starter-jetty-1.5.3.RELEASE.pom
Download https://repo1.maven.org/maven2/org/springframework/boot/spring-boot-starter-actuator/1.5.3.RELEASE/spring-boot-starter-actuator-1.5.3.RELEASE.pom
Download https://repo1.maven.org/maven2/org/springframework/boot/spring-boot-starter/1.5.3.RELEASE/spring-boot-starter-1.5.3.RELEASE.pom
Download https://repo1.maven.org/maven2/org/hibernate/hibernate-validator/5.3.5.Final/hibernate-validator-5.3.5.Final.pom
Download https://repo1.maven.org/maven2/org/hibernate/hibernate-validator-parent/5.3.5.Final/hibernate-validator-parent-5.3.5.Final.pom
Download https://repo1.maven.org/maven2/org/jboss/arquillian/arquillian-bom/1.1.11.Final/arquillian-bom-1.1.11.Final.pom
Download https://repo1.maven.org/maven2/org/jboss/shrinkwrap/shrinkwrap-bom/1.2.3/shrinkwrap-bom-1.2.3.pom
Download https://repo1.maven.org/maven2/org/jboss/shrinkwrap/resolver/shrinkwrap-resolver-bom/2.2.0/shrinkwrap-resolver-bom-2.2.0.pom
Download https://repo1.maven.org/maven2/org/jboss/shrinkwrap/descriptors/shrinkwrap-descriptors-bom/2.0.0-alpha-8/shrinkwrap-descriptors-bom-2.0.0-alpha-8.pom
Download https://repo1.maven.org/maven2/com/fasterxml/jackson/core/jackson-databind/2.8.8/jackson-databind-2.8.8.pom
Download https://repo1.maven.org/maven2/org/springframework/spring-web/4.3.8.RELEASE/spring-web-4.3.8.RELEASE.pom
Download https://repo1.maven.org/maven2/org/springframework/spring-webmvc/4.3.8.RELEASE/spring-webmvc-4.3.8.RELEASE.pom
Download https://repo1.maven.org/maven2/org/eclipse/jetty/jetty-servlets/9.4.4.v20170414/jetty-servlets-9.4.4.v20170414.pom
Download https://repo1.maven.org/maven2/org/eclipse/jetty/jetty-project/9.4.4.v20170414/jetty-project-9.4.4.v20170414.pom
Download https://repo1.maven.org/maven2/org/eclipse/jetty/jetty-webapp/9.4.4.v20170414/jetty-webapp-9.4.4.v20170414.pom
Download https://repo1.maven.org/maven2/org/eclipse/jetty/websocket/websocket-server/9.4.4.v20170414/websocket-server-9.4.4.v20170414.pom
Download https://repo1.maven.org/maven2/org/eclipse/jetty/websocket/websocket-parent/9.4.4.v20170414/websocket-parent-9.4.4.v20170414.pom
Download https://repo1.maven.org/maven2/org/eclipse/jetty/websocket/javax-websocket-server-impl/9.4.4.v20170414/javax-websocket-server-impl-9.4.4.v20170414.pom
Download https://repo1.maven.org/maven2/org/mortbay/jasper/apache-el/8.0.33/apache-el-8.0.33.pom
Download https://repo1.maven.org/maven2/org/mortbay/jasper/jasper-jsp/8.0.33/jasper-jsp-8.0.33.pom
Download https://repo1.maven.org/maven2/org/eclipse/jetty/jetty-parent/25/jetty-parent-25.pom
Download https://repo1.maven.org/maven2/org/springframework/boot/spring-boot-actuator/1.5.3.RELEASE/spring-boot-actuator-1.5.3.RELEASE.pom
Download https://repo1.maven.org/maven2/org/springframework/boot/spring-boot/1.5.3.RELEASE/spring-boot-1.5.3.RELEASE.pom
Download https://repo1.maven.org/maven2/org/springframework/boot/spring-boot-autoconfigure/1.5.3.RELEASE/spring-boot-autoconfigure-1.5.3.RELEASE.pom
Download https://repo1.maven.org/maven2/org/springframework/boot/spring-boot-starter-logging/1.5.3.RELEASE/spring-boot-starter-logging-1.5.3.RELEASE.pom
Download https://repo1.maven.org/maven2/org/yaml/snakeyaml/1.17/snakeyaml-1.17.pom
Download https://repo1.maven.org/maven2/javax/validation/validation-api/1.1.0.Final/validation-api-1.1.0.Final.pom
Download https://repo1.maven.org/maven2/org/jboss/logging/jboss-logging/3.3.1.Final/jboss-logging-3.3.1.Final.pom
Download https://repo1.maven.org/maven2/org/jboss/jboss-parent/15/jboss-parent-15.pom
Download https://repo1.maven.org/maven2/com/fasterxml/classmate/1.3.3/classmate-1.3.3.pom
Download https://repo1.maven.org/maven2/com/fasterxml/oss-parent/24/oss-parent-24.pom
Download https://repo1.maven.org/maven2/com/fasterxml/jackson/core/jackson-annotations/2.8.0/jackson-annotations-2.8.0.pom
Download https://repo1.maven.org/maven2/com/fasterxml/jackson/core/jackson-core/2.8.8/jackson-core-2.8.8.pom
Download https://repo1.maven.org/maven2/org/springframework/spring-aop/4.3.8.RELEASE/spring-aop-4.3.8.RELEASE.pom
Download https://repo1.maven.org/maven2/org/springframework/spring-beans/4.3.8.RELEASE/spring-beans-4.3.8.RELEASE.pom
Download https://repo1.maven.org/maven2/org/springframework/spring-context/4.3.8.RELEASE/spring-context-4.3.8.RELEASE.pom
Download https://repo1.maven.org/maven2/org/springframework/spring-expression/4.3.8.RELEASE/spring-expression-4.3.8.RELEASE.pom
Download https://repo1.maven.org/maven2/org/eclipse/jetty/jetty-continuation/9.4.4.v20170414/jetty-continuation-9.4.4.v20170414.pom
Download https://repo1.maven.org/maven2/org/eclipse/jetty/jetty-http/9.4.4.v20170414/jetty-http-9.4.4.v20170414.pom
Download https://repo1.maven.org/maven2/org/eclipse/jetty/jetty-util/9.4.4.v20170414/jetty-util-9.4.4.v20170414.pom
Download https://repo1.maven.org/maven2/org/eclipse/jetty/jetty-io/9.4.4.v20170414/jetty-io-9.4.4.v20170414.pom
Download https://repo1.maven.org/maven2/org/eclipse/jetty/jetty-xml/9.4.4.v20170414/jetty-xml-9.4.4.v20170414.pom
Download https://repo1.maven.org/maven2/org/eclipse/jetty/jetty-servlet/9.4.4.v20170414/jetty-servlet-9.4.4.v20170414.pom
Download https://repo1.maven.org/maven2/org/eclipse/jetty/websocket/websocket-common/9.4.4.v20170414/websocket-common-9.4.4.v20170414.pom
Download https://repo1.maven.org/maven2/org/eclipse/jetty/websocket/websocket-client/9.4.4.v20170414/websocket-client-9.4.4.v20170414.pom
Download https://repo1.maven.org/maven2/org/eclipse/jetty/websocket/websocket-servlet/9.4.4.v20170414/websocket-servlet-9.4.4.v20170414.pom
Download https://repo1.maven.org/maven2/org/eclipse/jetty/jetty-annotations/9.4.4.v20170414/jetty-annotations-9.4.4.v20170414.pom
Download https://repo1.maven.org/maven2/org/eclipse/jetty/websocket/javax-websocket-client-impl/9.4.4.v20170414/javax-websocket-client-impl-9.4.4.v20170414.pom
Download https://repo1.maven.org/maven2/javax/websocket/javax.websocket-api/1.0/javax.websocket-api-1.0.pom
Download https://repo1.maven.org/maven2/javax/websocket/javax.websocket-all/1.0/javax.websocket-all-1.0.pom
Download https://repo1.maven.org/maven2/net/java/jvnet-parent/4/jvnet-parent-4.pom
Download https://repo1.maven.org/maven2/ch/qos/logback/logback-classic/1.1.11/logback-classic-1.1.11.pom
Download https://repo1.maven.org/maven2/ch/qos/logback/logback-parent/1.1.11/logback-parent-1.1.11.pom
Download https://repo1.maven.org/maven2/org/slf4j/jcl-over-slf4j/1.7.25/jcl-over-slf4j-1.7.25.pom
Download https://repo1.maven.org/maven2/org/slf4j/slf4j-parent/1.7.25/slf4j-parent-1.7.25.pom
Download https://repo1.maven.org/maven2/org/slf4j/jul-to-slf4j/1.7.25/jul-to-slf4j-1.7.25.pom
Download https://repo1.maven.org/maven2/org/slf4j/log4j-over-slf4j/1.7.25/log4j-over-slf4j-1.7.25.pom
Download https://repo1.maven.org/maven2/org/eclipse/jetty/jetty-security/9.4.4.v20170414/jetty-security-9.4.4.v20170414.pom
Download https://repo1.maven.org/maven2/org/eclipse/jetty/websocket/websocket-api/9.4.4.v20170414/websocket-api-9.4.4.v20170414.pom
Download https://repo1.maven.org/maven2/org/eclipse/jetty/jetty-client/9.4.4.v20170414/jetty-client-9.4.4.v20170414.pom
Download https://repo1.maven.org/maven2/javax/servlet/javax.servlet-api/3.1.0/javax.servlet-api-3.1.0.pom
Download https://repo1.maven.org/maven2/net/java/jvnet-parent/3/jvnet-parent-3.pom
Download https://repo1.maven.org/maven2/org/eclipse/jetty/jetty-plus/9.4.4.v20170414/jetty-plus-9.4.4.v20170414.pom
Download https://repo1.maven.org/maven2/javax/annotation/javax.annotation-api/1.2/javax.annotation-api-1.2.pom
Download https://repo1.maven.org/maven2/org/ow2/asm/asm/5.1/asm-5.1.pom
Download https://repo1.maven.org/maven2/org/ow2/asm/asm-parent/5.1/asm-parent-5.1.pom
Download https://repo1.maven.org/maven2/org/ow2/ow2/1.3/ow2-1.3.pom
Download https://repo1.maven.org/maven2/org/ow2/asm/asm-commons/5.1/asm-commons-5.1.pom
Download https://repo1.maven.org/maven2/ch/qos/logback/logback-core/1.1.11/logback-core-1.1.11.pom
Download https://repo1.maven.org/maven2/org/slf4j/slf4j-api/1.7.25/slf4j-api-1.7.25.pom
Download https://repo1.maven.org/maven2/org/eclipse/jetty/jetty-server/9.4.4.v20170414/jetty-server-9.4.4.v20170414.pom
Download https://repo1.maven.org/maven2/org/ow2/asm/asm-tree/5.1/asm-tree-5.1.pom
Download https://repo1.maven.org/maven2/org/springframework/boot/spring-boot-starter-web/1.5.3.RELEASE/spring-boot-starter-web-1.5.3.RELEASE.jar
Download https://repo1.maven.org/maven2/org/springframework/boot/spring-boot-starter-jetty/1.5.3.RELEASE/spring-boot-starter-jetty-1.5.3.RELEASE.jar
Download https://repo1.maven.org/maven2/org/springframework/boot/spring-boot-starter-actuator/1.5.3.RELEASE/spring-boot-starter-actuator-1.5.3.RELEASE.jar
Download https://repo1.maven.org/maven2/org/springframework/boot/spring-boot-starter/1.5.3.RELEASE/spring-boot-starter-1.5.3.RELEASE.jar
Download https://repo1.maven.org/maven2/org/hibernate/hibernate-validator/5.3.5.Final/hibernate-validator-5.3.5.Final.jar
Download https://repo1.maven.org/maven2/com/fasterxml/jackson/core/jackson-databind/2.8.8/jackson-databind-2.8.8.jar
Download https://repo1.maven.org/maven2/org/springframework/spring-web/4.3.8.RELEASE/spring-web-4.3.8.RELEASE.jar
Download https://repo1.maven.org/maven2/org/springframework/spring-webmvc/4.3.8.RELEASE/spring-webmvc-4.3.8.RELEASE.jar
Download https://repo1.maven.org/maven2/org/eclipse/jetty/jetty-servlets/9.4.4.v20170414/jetty-servlets-9.4.4.v20170414.jar
Download https://repo1.maven.org/maven2/org/eclipse/jetty/jetty-webapp/9.4.4.v20170414/jetty-webapp-9.4.4.v20170414.jar
Download https://repo1.maven.org/maven2/org/eclipse/jetty/websocket/websocket-server/9.4.4.v20170414/websocket-server-9.4.4.v20170414.jar
Download https://repo1.maven.org/maven2/org/eclipse/jetty/websocket/javax-websocket-server-impl/9.4.4.v20170414/javax-websocket-server-impl-9.4.4.v20170414.jar
Download https://repo1.maven.org/maven2/org/mortbay/jasper/apache-el/8.0.33/apache-el-8.0.33.jar
Download https://repo1.maven.org/maven2/org/springframework/boot/spring-boot-actuator/1.5.3.RELEASE/spring-boot-actuator-1.5.3.RELEASE.jar
Download https://repo1.maven.org/maven2/org/springframework/boot/spring-boot/1.5.3.RELEASE/spring-boot-1.5.3.RELEASE.jar
Download https://repo1.maven.org/maven2/org/springframework/boot/spring-boot-autoconfigure/1.5.3.RELEASE/spring-boot-autoconfigure-1.5.3.RELEASE.jar
Download https://repo1.maven.org/maven2/org/springframework/boot/spring-boot-starter-logging/1.5.3.RELEASE/spring-boot-starter-logging-1.5.3.RELEASE.jar
Download https://repo1.maven.org/maven2/org/yaml/snakeyaml/1.17/snakeyaml-1.17.jar
Download https://repo1.maven.org/maven2/javax/validation/validation-api/1.1.0.Final/validation-api-1.1.0.Final.jar
Download https://repo1.maven.org/maven2/org/jboss/logging/jboss-logging/3.3.1.Final/jboss-logging-3.3.1.Final.jar
Download https://repo1.maven.org/maven2/com/fasterxml/classmate/1.3.3/classmate-1.3.3.jar
Download https://repo1.maven.org/maven2/com/fasterxml/jackson/core/jackson-annotations/2.8.0/jackson-annotations-2.8.0.jar
Download https://repo1.maven.org/maven2/com/fasterxml/jackson/core/jackson-core/2.8.8/jackson-core-2.8.8.jar
Download https://repo1.maven.org/maven2/org/springframework/spring-aop/4.3.8.RELEASE/spring-aop-4.3.8.RELEASE.jar
Download https://repo1.maven.org/maven2/org/springframework/spring-beans/4.3.8.RELEASE/spring-beans-4.3.8.RELEASE.jar
Download https://repo1.maven.org/maven2/org/springframework/spring-context/4.3.8.RELEASE/spring-context-4.3.8.RELEASE.jar
Download https://repo1.maven.org/maven2/org/springframework/spring-expression/4.3.8.RELEASE/spring-expression-4.3.8.RELEASE.jar
Download https://repo1.maven.org/maven2/org/eclipse/jetty/jetty-continuation/9.4.4.v20170414/jetty-continuation-9.4.4.v20170414.jar
Download https://repo1.maven.org/maven2/org/eclipse/jetty/jetty-http/9.4.4.v20170414/jetty-http-9.4.4.v20170414.jar
Download https://repo1.maven.org/maven2/org/eclipse/jetty/jetty-util/9.4.4.v20170414/jetty-util-9.4.4.v20170414.jar
Download https://repo1.maven.org/maven2/org/eclipse/jetty/jetty-io/9.4.4.v20170414/jetty-io-9.4.4.v20170414.jar
Download https://repo1.maven.org/maven2/org/eclipse/jetty/jetty-xml/9.4.4.v20170414/jetty-xml-9.4.4.v20170414.jar
Download https://repo1.maven.org/maven2/org/eclipse/jetty/jetty-servlet/9.4.4.v20170414/jetty-servlet-9.4.4.v20170414.jar
Download https://repo1.maven.org/maven2/org/eclipse/jetty/websocket/websocket-common/9.4.4.v20170414/websocket-common-9.4.4.v20170414.jar
Download https://repo1.maven.org/maven2/org/eclipse/jetty/websocket/websocket-client/9.4.4.v20170414/websocket-client-9.4.4.v20170414.jar
Download https://repo1.maven.org/maven2/org/eclipse/jetty/websocket/websocket-servlet/9.4.4.v20170414/websocket-servlet-9.4.4.v20170414.jar
Download https://repo1.maven.org/maven2/org/eclipse/jetty/jetty-annotations/9.4.4.v20170414/jetty-annotations-9.4.4.v20170414.jar
Download https://repo1.maven.org/maven2/org/eclipse/jetty/websocket/javax-websocket-client-impl/9.4.4.v20170414/javax-websocket-client-impl-9.4.4.v20170414.jar
Download https://repo1.maven.org/maven2/javax/websocket/javax.websocket-api/1.0/javax.websocket-api-1.0.jar
Download https://repo1.maven.org/maven2/ch/qos/logback/logback-classic/1.1.11/logback-classic-1.1.11.jar
Download https://repo1.maven.org/maven2/org/slf4j/jcl-over-slf4j/1.7.25/jcl-over-slf4j-1.7.25.jar
Download https://repo1.maven.org/maven2/org/slf4j/jul-to-slf4j/1.7.25/jul-to-slf4j-1.7.25.jar
Download https://repo1.maven.org/maven2/org/slf4j/log4j-over-slf4j/1.7.25/log4j-over-slf4j-1.7.25.jar
Download https://repo1.maven.org/maven2/org/eclipse/jetty/jetty-security/9.4.4.v20170414/jetty-security-9.4.4.v20170414.jar
Download https://repo1.maven.org/maven2/org/eclipse/jetty/websocket/websocket-api/9.4.4.v20170414/websocket-api-9.4.4.v20170414.jar
Download https://repo1.maven.org/maven2/org/eclipse/jetty/jetty-client/9.4.4.v20170414/jetty-client-9.4.4.v20170414.jar
Download https://repo1.maven.org/maven2/javax/servlet/javax.servlet-api/3.1.0/javax.servlet-api-3.1.0.jar
Download https://repo1.maven.org/maven2/org/eclipse/jetty/jetty-plus/9.4.4.v20170414/jetty-plus-9.4.4.v20170414.jar
Download https://repo1.maven.org/maven2/javax/annotation/javax.annotation-api/1.2/javax.annotation-api-1.2.jar
Download https://repo1.maven.org/maven2/org/ow2/asm/asm/5.1/asm-5.1.jar
Download https://repo1.maven.org/maven2/org/ow2/asm/asm-commons/5.1/asm-commons-5.1.jar
Download https://repo1.maven.org/maven2/ch/qos/logback/logback-core/1.1.11/logback-core-1.1.11.jar
Download https://repo1.maven.org/maven2/org/slf4j/slf4j-api/1.7.25/slf4j-api-1.7.25.jar
Download https://repo1.maven.org/maven2/org/eclipse/jetty/jetty-server/9.4.4.v20170414/jetty-server-9.4.4.v20170414.jar
Download https://repo1.maven.org/maven2/org/ow2/asm/asm-tree/5.1/asm-tree-5.1.jar
:processResources NO-SOURCE
:classes
:findMainClass
:jar
:bootRepackage
:assemble
:compileTestJava NO-SOURCE
:processTestResources NO-SOURCE
:testClasses UP-TO-DATE
:test NO-SOURCE
:check UP-TO-DATE
:build

BUILD SUCCESSFUL

Total time: 18.907 secs
